<?xml version="1.0" encoding="utf-8"?><testsuites name="pytest tests"><testsuite name="pytest" errors="0" failures="0" skipped="0" tests="26" time="4.740" timestamp="2026-06-23T11:21:47.252290+00:00" hostname="agent-env-e930349f-e2ed-4913-adc4-b9dbb66f7dd0"><testcase classname="backend.tests.test_editcol" name="test_health" time="0.003" /><testcase classname="backend.tests.test_editcol" name="test_register_client" time="0.229" /><testcase classname="backend.tests.test_editcol" name="test_register_editor_creates_private_editor" time="0.231" /><testcase classname="backend.tests.test_editcol" name="test_register_duplicate_email_400" time="0.002" /><testcase classname="backend.tests.test_editcol" name="test_verify_email_and_phone_otp" time="0.007" /><testcase classname="backend.tests.test_editcol" name="test_verify_editor_otps" time="0.005" /><testcase classname="backend.tests.test_editcol" name="test_invalid_otp_400" time="0.002" /><testcase classname="backend.tests.test_editcol" name="test_admin_login_and_me" time="0.278" /><testcase classname="backend.tests.test_editcol" name="test_login_client_for_session" time="0.226" /><testcase classname="backend.tests.test_editcol" name="test_login_editor_for_session" time="0.225" /><testcase classname="backend.tests.test_editcol" name="test_forgot_and_reset_password" time="0.457" /><testcase classname="backend.tests.test_editcol" name="test_editor_onboarding_sets_public_and_verified_badge" time="0.006" /><testcase classname="backend.tests.test_editcol" name="test_editors_list_only_public" time="0.003" /><testcase classname="backend.tests.test_editcol" name="test_get_editor_detail_has_trust" time="0.002" /><testcase classname="backend.tests.test_editcol" name="test_create_project_creates_conversation" time="0.131" /><testcase classname="backend.tests.test_editcol" name="test_list_projects_for_client" time="0.042" /><testcase classname="backend.tests.test_editcol" name="test_start_conversation_idempotent" time="0.043" /><testcase classname="backend.tests.test_editcol" name="test_send_message_and_list" time="0.046" /><testcase classname="backend.tests.test_editcol" name="test_websocket_receives_message" time="0.557" /><testcase classname="backend.tests.test_editcol" name="test_create_review_updates_trust" time="0.047" /><testcase classname="backend.tests.test_editcol" name="test_create_report_then_admin_ban" time="0.130" /><testcase classname="backend.tests.test_editcol" name="test_admin_endpoints_require_admin" time="0.212" /><testcase classname="backend.tests.test_editcol" name="test_admin_endpoints_for_admin" time="0.173" /><testcase classname="backend.tests.test_editcol" name="test_brute_force_lock_after_5_attempts" time="1.364" /><testcase classname="backend.tests.test_editcol" name="test_db_only_admin_seeded_initially" time="0.002" /><testcase classname="backend.tests.test_editcol" name="test_banned_user_cannot_access" time="0.229" /></testsuite></testsuites>