<?xml version="1.0" encoding="utf-8"?><testsuites name="pytest tests"><testsuite name="pytest" errors="0" failures="0" skipped="0" tests="24" time="14.390" timestamp="2026-06-23T15:50:33.364368+00:00" hostname="agent-env-e930349f-e2ed-4913-adc4-b9dbb66f7dd0"><testcase classname="backend.tests.test_v3_features" name="test_setup_client" time="0.802" /><testcase classname="backend.tests.test_v3_features" name="test_setup_editor1" time="0.696" /><testcase classname="backend.tests.test_v3_features" name="test_setup_editor2" time="0.627" /><testcase classname="backend.tests.test_v3_features" name="test_upgrade_to_editor_client_to_editor" time="1.914" /><testcase classname="backend.tests.test_v3_features" name="test_upgrade_to_editor_idempotent_already_editor" time="0.052" /><testcase classname="backend.tests.test_v3_features" name="test_upgrade_to_editor_admin_400" time="0.437" /><testcase classname="backend.tests.test_v3_features" name="test_create_public_project" time="0.062" /><testcase classname="backend.tests.test_v3_features" name="test_editor_sees_public_project" time="0.048" /><testcase classname="backend.tests.test_v3_features" name="test_client_cannot_list_public_projects_as_editor" time="0.049" /><testcase classname="backend.tests.test_v3_features" name="test_editor1_applies" time="0.051" /><testcase classname="backend.tests.test_v3_features" name="test_editor1_cannot_apply_twice" time="0.050" /><testcase classname="backend.tests.test_v3_features" name="test_editor2_applies" time="0.047" /><testcase classname="backend.tests.test_v3_features" name="test_editor_applications_mine_lists_with_project" time="0.048" /><testcase classname="backend.tests.test_v3_features" name="test_client_lists_project_applications" time="0.055" /><testcase classname="backend.tests.test_v3_features" name="test_non_owner_cannot_list_applications" time="0.051" /><testcase classname="backend.tests.test_v3_features" name="test_accept_creates_workspace_and_auto_declines_others" time="0.257" /><testcase classname="backend.tests.test_v3_features" name="test_cannot_accept_already_accepted" time="0.056" /><testcase classname="backend.tests.test_v3_features" name="test_cannot_apply_to_closed_project" time="0.064" /><testcase classname="backend.tests.test_v3_features" name="test_ai_match_requires_auth" time="0.150" /><testcase classname="backend.tests.test_v3_features" name="test_ai_match_returns_matches" time="8.160" /><testcase classname="backend.tests.test_v3_features" name="test_editors_list_still_works" time="0.170" /><testcase classname="backend.tests.test_v3_features" name="test_editor_detail_still_works" time="0.173" /><testcase classname="backend.tests.test_v3_features" name="test_direct_hire_project_still_works" time="0.056" /><testcase classname="backend.tests.test_v3_features" name="test_ws_token_endpoint" time="0.054" /></testsuite></testsuites>